<?xml version="1.0" encoding="UTF-8"?>
<!-- Generated by org.testng.reporters.JUnitReportReporter -->
<testsuite hostname="UpendarSankoju" failures="0" tests="1" name="testCases.TC_001_AccountRegistrationTest" time="2.981" errors="0" timestamp="2024-11-27T07:28:01 IST" skipped="0">
  <testcase classname="testCases.TC_001_AccountRegistrationTest" name="verify_account_registration" time="2.981"/>
</testsuite> <!-- testCases.TC_001_AccountRegistrationTest -->
