<?xml version="1.0" encoding="UTF-8"?>
<!-- Generated by org.testng.reporters.JUnitReportReporter -->
<testsuite hostname="UpendarSankoju" failures="0" tests="2" name="TestNG_FrameWork.Annotations_Demo_1" time="0.025" errors="0" timestamp="2024-11-20T23:49:14 IST" skipped="0">
  <testcase classname="TestNG_FrameWork.Annotations_Demo_1" name="search" time="0.021"/>
  <system-out/>
  <testcase classname="TestNG_FrameWork.Annotations_Demo_1" name="advancedSearch" time="0.004"/>
  <system-out/>
</testsuite> <!-- TestNG_FrameWork.Annotations_Demo_1 -->
