<?xml version="1.0" encoding="UTF-8"?>
<!-- Generated by org.testng.reporters.JUnitReportReporter -->
<testsuite hostname="UpendarSankoju" failures="0" tests="2" name="TestNG_FrameWork_Anitaions.All_Anitaions_Methods" time="0.024" errors="0" timestamp="2024-11-21T04:28:53 IST" skipped="0">
  <testcase classname="TestNG_FrameWork_Anitaions.All_Anitaions_Methods" name="tm1" time="0.021"/>
  <system-out/>
  <testcase classname="TestNG_FrameWork_Anitaions.All_Anitaions_Methods" name="tm2" time="0.003"/>
  <system-out/>
</testsuite> <!-- TestNG_FrameWork_Anitaions.All_Anitaions_Methods -->
