<?xml version="1.0" encoding="UTF-8"?>
<!-- Generated by org.testng.reporters.JUnitReportReporter -->
<testsuite hostname="UpendarSankoju" failures="0" tests="1" name="Page_Object_Model.Login_Page_TestCase" time="7.072" errors="0" timestamp="2024-11-27T05:54:52 IST" skipped="0">
  <testcase classname="Page_Object_Model.Login_Page_TestCase" name="testLogin" time="7.072"/>
  <system-out/>
</testsuite> <!-- Page_Object_Model.Login_Page_TestCase -->
