<?xml version="1.0" encoding="UTF-8"?>
<!-- Generated by org.testng.reporters.JUnitReportReporter -->
<testsuite hostname="UpendarSankoju" failures="0" tests="3" name="TestNG_FrameWork_Grouping.LoginTest$LoginTests" time="0.032" errors="0" timestamp="2024-11-21T14:20:15 IST" skipped="0">
  <testcase classname="TestNG_FrameWork_Grouping.LoginTest$LoginTests" name="loginByEmail" time="0.027"/>
  <system-out/>
  <testcase classname="TestNG_FrameWork_Grouping.LoginTest$LoginTests" name="loginByFacebook" time="0.003"/>
  <system-out/>
  <testcase classname="TestNG_FrameWork_Grouping.LoginTest$LoginTests" name="loginByTwitter" time="0.002"/>
  <system-out/>
</testsuite> <!-- TestNG_FrameWork_Grouping.LoginTest$LoginTests -->
