<?xml version="1.0" encoding="UTF-8"?>
<!-- Generated by org.testng.reporters.JUnitReportReporter -->
<testsuite hostname="UpendarSankoju" failures="0" tests="9" name="TestNG_FrameWork_DataProvider.TestNG_FrameWork_ParaMeter" time="0.248" errors="0" timestamp="2024-11-23T16:36:21 IST" skipped="0">
  <testcase classname="TestNG_FrameWork_DataProvider.TestNG_FrameWork_ParaMeter" name="testLogo" time="0.052"/>
  <system-out/>
  <testcase classname="TestNG_FrameWork_DataProvider.TestNG_FrameWork_ParaMeter" name="testLogo" time="0.083"/>
  <system-out/>
  <testcase classname="TestNG_FrameWork_DataProvider.TestNG_FrameWork_ParaMeter" name="testLogo" time="0.043"/>
  <system-out/>
  <testcase classname="TestNG_FrameWork_DataProvider.TestNG_FrameWork_ParaMeter" name="testTitle" time="0.016"/>
  <system-out/>
  <testcase classname="TestNG_FrameWork_DataProvider.TestNG_FrameWork_ParaMeter" name="testTitle" time="0.008"/>
  <system-out/>
  <testcase classname="TestNG_FrameWork_DataProvider.TestNG_FrameWork_ParaMeter" name="testTitle" time="0.014"/>
  <system-out/>
  <testcase classname="TestNG_FrameWork_DataProvider.TestNG_FrameWork_ParaMeter" name="testURL" time="0.012"/>
  <system-out/>
  <testcase classname="TestNG_FrameWork_DataProvider.TestNG_FrameWork_ParaMeter" name="testURL" time="0.006"/>
  <system-out/>
  <testcase classname="TestNG_FrameWork_DataProvider.TestNG_FrameWork_ParaMeter" name="testURL" time="0.014"/>
  <system-out/>
</testsuite> <!-- TestNG_FrameWork_DataProvider.TestNG_FrameWork_ParaMeter -->
