<?xml version="1.0" encoding="UTF-8"?>
<!-- Generated by org.testng.reporters.JUnitReportReporter -->
<testsuite hostname="UpendarSankoju" failures="0" tests="5" name="DependencyMethods.DependencyMethods_Demo" time="0.037" errors="0" timestamp="2024-11-21T06:49:37 IST" skipped="0">
  <testcase classname="DependencyMethods.DependencyMethods_Demo" name="openapp" time="0.027"/>
  <system-out/>
  <testcase classname="DependencyMethods.DependencyMethods_Demo" name="login" time="0.003"/>
  <system-out/>
  <testcase classname="DependencyMethods.DependencyMethods_Demo" name="search" time="0.002"/>
  <system-out/>
  <testcase classname="DependencyMethods.DependencyMethods_Demo" name="advsearch" time="0.003"/>
  <system-out/>
  <testcase classname="DependencyMethods.DependencyMethods_Demo" name="logout" time="0.002"/>
  <system-out/>
</testsuite> <!-- DependencyMethods.DependencyMethods_Demo -->
