<?xml version="1.0" encoding="UTF-8"?>
<!-- Generated by org.testng.reporters.JUnitReportReporter -->
<testsuite hostname="UpendarSankoju" failures="0" tests="4" name="TestNG_FrameWork.Orange_HRM_Application" time="19.515" errors="0" timestamp="2024-11-20T17:05:24 IST" skipped="0">
  <testcase classname="TestNG_FrameWork.Orange_HRM_Application" name="openapp" time="7.122"/>
  <system-out/>
  <testcase classname="TestNG_FrameWork.Orange_HRM_Application" name="testLogo" time="5.107"/>
  <system-out/>
  <testcase classname="TestNG_FrameWork.Orange_HRM_Application" name="testLogin" time="6.805"/>
  <system-out/>
  <testcase classname="TestNG_FrameWork.Orange_HRM_Application" name="closeApp" time="0.481"/>
  <system-out/>
</testsuite> <!-- TestNG_FrameWork.Orange_HRM_Application -->
