<?xml version="1.0" encoding="UTF-8"?>
<!-- Generated by org.testng.reporters.JUnitReportReporter -->
<testsuite hostname="UpendarSankoju" failures="0" tests="3" name="TestNG_FrameWork.Test_Case_1" time="0.000" errors="0" timestamp="2024-11-20T17:05:24 IST" skipped="0">
  <testcase classname="TestNG_FrameWork.Test_Case_1" name="OpenApplication" time="0.000"/>
  <system-out/>
  <testcase classname="TestNG_FrameWork.Test_Case_1" name="LoginApplication" time="0.000"/>
  <system-out/>
  <testcase classname="TestNG_FrameWork.Test_Case_1" name="LogoutApplication" time="0.000"/>
  <system-out/>
</testsuite> <!-- TestNG_FrameWork.Test_Case_1 -->
