<?xml version="1.0" encoding="UTF-8"?>
<!-- Generated by org.testng.reporters.JUnitReportReporter -->
<testsuite hostname="UpendarSankoju" failures="0" tests="1" name="TestNG_FrameWork_Assertions.Assertions_Demo" time="0.020" errors="0" timestamp="2024-11-21T04:45:52 IST" skipped="0">
  <testcase classname="TestNG_FrameWork_Assertions.Assertions_Demo" name="testTitle" time="0.020"/>
  <system-out/>
</testsuite> <!-- TestNG_FrameWork_Assertions.Assertions_Demo -->
